{"timestamp":"2025-10-08 01:25:59","operation":"load_products","stats":{"execution_time":60.55,"memory_usage":0.76,"peak_memory":35.38,"query_count":0,"cache_hits":0,"cache_misses":0,"cache_hit_rate":0}}
{"timestamp":"2025-10-08 01:28:01","operation":"load_products","stats":{"execution_time":21.04,"memory_usage":0.6,"peak_memory":35.3,"query_count":0,"cache_hits":0,"cache_misses":0,"cache_hit_rate":0}}
{"timestamp":"2025-10-08 01:30:27","operation":"load_products","stats":{"execution_time":17.33,"memory_usage":0.68,"peak_memory":35.3,"query_count":0,"cache_hits":0,"cache_misses":0,"cache_hit_rate":0}}
{"timestamp":"2025-10-08 01:32:30","operation":"load_products","stats":{"execution_time":18.73,"memory_usage":0.6,"peak_memory":35.3,"query_count":0,"cache_hits":0,"cache_misses":0,"cache_hit_rate":0}}
{"timestamp":"2025-10-08 01:34:51","operation":"load_products","stats":{"execution_time":30.1,"memory_usage":0.6,"peak_memory":35.3,"query_count":0,"cache_hits":0,"cache_misses":0,"cache_hit_rate":0}}
{"timestamp":"2025-10-08 01:37:22","operation":"load_products","stats":{"execution_time":22.92,"memory_usage":0.6,"peak_memory":35.3,"query_count":0,"cache_hits":0,"cache_misses":0,"cache_hit_rate":0}}
{"timestamp":"2025-10-08 01:38:57","operation":"load_products","stats":{"execution_time":28.74,"memory_usage":0.6,"peak_memory":35.3,"query_count":0,"cache_hits":0,"cache_misses":0,"cache_hit_rate":0}}
{"timestamp":"2025-10-08 01:40:23","operation":"load_products","stats":{"execution_time":19.62,"memory_usage":0.6,"peak_memory":35.33,"query_count":0,"cache_hits":0,"cache_misses":0,"cache_hit_rate":0}}
{"timestamp":"2025-10-08 01:43:57","operation":"load_products","stats":{"execution_time":27.62,"memory_usage":0.6,"peak_memory":35.3,"query_count":0,"cache_hits":0,"cache_misses":0,"cache_hit_rate":0}}
{"timestamp":"2025-10-08 01:45:47","operation":"load_products","stats":{"execution_time":29.29,"memory_usage":0.68,"peak_memory":35.3,"query_count":0,"cache_hits":0,"cache_misses":0,"cache_hit_rate":0}}
{"timestamp":"2025-10-08 01:47:33","operation":"load_products","stats":{"execution_time":25.08,"memory_usage":0.6,"peak_memory":35.3,"query_count":0,"cache_hits":0,"cache_misses":0,"cache_hit_rate":0}}
{"timestamp":"2025-10-08 01:49:29","operation":"load_products","stats":{"execution_time":26.69,"memory_usage":0.6,"peak_memory":35.3,"query_count":0,"cache_hits":0,"cache_misses":0,"cache_hit_rate":0}}
{"timestamp":"2025-10-08 01:49:43","operation":"load_products","stats":{"execution_time":31.81,"memory_usage":1,"peak_memory":36.12,"query_count":0,"cache_hits":0,"cache_misses":0,"cache_hit_rate":0}}
{"timestamp":"2025-10-08 01:52:42","operation":"load_products","stats":{"execution_time":20.57,"memory_usage":0.6,"peak_memory":35.3,"query_count":0,"cache_hits":0,"cache_misses":0,"cache_hit_rate":0}}
{"timestamp":"2025-10-08 01:57:36","operation":"load_products","stats":{"execution_time":26,"memory_usage":1,"peak_memory":36.12,"query_count":0,"cache_hits":0,"cache_misses":0,"cache_hit_rate":0}}
{"timestamp":"2025-10-08 01:59:44","operation":"load_products","stats":{"execution_time":34.52,"memory_usage":1,"peak_memory":36.12,"query_count":0,"cache_hits":0,"cache_misses":0,"cache_hit_rate":0}}
{"timestamp":"2025-10-08 11:08:42","operation":"load_products","stats":{"execution_time":77.51,"memory_usage":0.68,"peak_memory":35.38,"query_count":0,"cache_hits":0,"cache_misses":0,"cache_hit_rate":0}}
{"timestamp":"2025-10-08 11:21:02","operation":"load_products","stats":{"execution_time":36.93,"memory_usage":0.68,"peak_memory":35.3,"query_count":0,"cache_hits":0,"cache_misses":0,"cache_hit_rate":0}}
{"timestamp":"2025-10-08 11:23:16","operation":"load_products","stats":{"execution_time":27.68,"memory_usage":0.6,"peak_memory":35.3,"query_count":0,"cache_hits":0,"cache_misses":0,"cache_hit_rate":0}}
{"timestamp":"2025-10-08 12:00:48","operation":"load_products","stats":{"execution_time":32.16,"memory_usage":0.68,"peak_memory":35.3,"query_count":0,"cache_hits":0,"cache_misses":0,"cache_hit_rate":0}}
{"timestamp":"2025-10-08 12:09:39","operation":"load_products","stats":{"execution_time":61.82,"memory_usage":0.76,"peak_memory":35.39,"query_count":0,"cache_hits":0,"cache_misses":0,"cache_hit_rate":0}}
{"timestamp":"2025-10-08 12:20:36","operation":"load_products","stats":{"execution_time":30.18,"memory_usage":0.68,"peak_memory":35.31,"query_count":0,"cache_hits":0,"cache_misses":0,"cache_hit_rate":0}}
{"timestamp":"2025-10-08 12:23:33","operation":"load_products","stats":{"execution_time":32.4,"memory_usage":0.6,"peak_memory":35.31,"query_count":0,"cache_hits":0,"cache_misses":0,"cache_hit_rate":0}}
{"timestamp":"2025-10-08 12:25:40","operation":"load_products","stats":{"execution_time":31.23,"memory_usage":0.6,"peak_memory":35.31,"query_count":0,"cache_hits":0,"cache_misses":0,"cache_hit_rate":0}}
{"timestamp":"2025-10-08 12:28:26","operation":"load_products","stats":{"execution_time":35.73,"memory_usage":0.6,"peak_memory":35.31,"query_count":0,"cache_hits":0,"cache_misses":0,"cache_hit_rate":0}}
{"timestamp":"2025-10-08 12:29:32","operation":"load_products","stats":{"execution_time":29.44,"memory_usage":0.6,"peak_memory":35.31,"query_count":0,"cache_hits":0,"cache_misses":0,"cache_hit_rate":0}}
{"timestamp":"2025-10-08 12:30:44","operation":"load_products","stats":{"execution_time":19.55,"memory_usage":0.6,"peak_memory":35.31,"query_count":0,"cache_hits":0,"cache_misses":0,"cache_hit_rate":0}}
{"timestamp":"2025-10-08 12:32:59","operation":"load_products","stats":{"execution_time":24.99,"memory_usage":0.6,"peak_memory":35.31,"query_count":0,"cache_hits":0,"cache_misses":0,"cache_hit_rate":0}}
{"timestamp":"2025-10-08 12:34:52","operation":"load_products","stats":{"execution_time":23.59,"memory_usage":0.68,"peak_memory":35.31,"query_count":0,"cache_hits":0,"cache_misses":0,"cache_hit_rate":0}}
{"timestamp":"2025-10-08 12:35:24","operation":"load_products","stats":{"execution_time":21.56,"memory_usage":0.68,"peak_memory":35.33,"query_count":0,"cache_hits":0,"cache_misses":0,"cache_hit_rate":0}}
{"timestamp":"2025-10-08 12:37:14","operation":"load_products","stats":{"execution_time":21.35,"memory_usage":0.6,"peak_memory":35.31,"query_count":0,"cache_hits":0,"cache_misses":0,"cache_hit_rate":0}}
{"timestamp":"2025-10-08 12:41:58","operation":"load_products","stats":{"execution_time":23.75,"memory_usage":0.6,"peak_memory":35.31,"query_count":0,"cache_hits":0,"cache_misses":0,"cache_hit_rate":0}}
{"timestamp":"2025-10-08 12:43:28","operation":"load_products","stats":{"execution_time":31,"memory_usage":0.6,"peak_memory":35.31,"query_count":0,"cache_hits":0,"cache_misses":0,"cache_hit_rate":0}}
{"timestamp":"2025-10-08 12:44:08","operation":"load_products","stats":{"execution_time":21.1,"memory_usage":0.68,"peak_memory":35.31,"query_count":0,"cache_hits":0,"cache_misses":0,"cache_hit_rate":0}}
{"timestamp":"2025-10-08 12:48:14","operation":"load_products","stats":{"execution_time":24.45,"memory_usage":0.6,"peak_memory":35.31,"query_count":0,"cache_hits":0,"cache_misses":0,"cache_hit_rate":0}}
{"timestamp":"2025-10-08 12:48:44","operation":"load_products","stats":{"execution_time":30.68,"memory_usage":0.6,"peak_memory":35.31,"query_count":0,"cache_hits":0,"cache_misses":0,"cache_hit_rate":0}}
{"timestamp":"2025-10-08 12:51:05","operation":"load_products","stats":{"execution_time":29.59,"memory_usage":0.6,"peak_memory":35.31,"query_count":0,"cache_hits":0,"cache_misses":0,"cache_hit_rate":0}}
{"timestamp":"2025-10-08 12:55:29","operation":"load_products","stats":{"execution_time":27.94,"memory_usage":0.68,"peak_memory":35.31,"query_count":0,"cache_hits":0,"cache_misses":0,"cache_hit_rate":0}}
{"timestamp":"2025-10-08 12:58:52","operation":"load_products","stats":{"execution_time":22.17,"memory_usage":0.6,"peak_memory":35.31,"query_count":0,"cache_hits":0,"cache_misses":0,"cache_hit_rate":0}}
{"timestamp":"2025-10-08 13:25:38","operation":"load_products","stats":{"execution_time":39.4,"memory_usage":0.68,"peak_memory":35.41,"query_count":0,"cache_hits":0,"cache_misses":0,"cache_hit_rate":0}}
{"timestamp":"2025-10-08 13:26:29","operation":"load_products","stats":{"execution_time":27.41,"memory_usage":0.68,"peak_memory":35.31,"query_count":0,"cache_hits":0,"cache_misses":0,"cache_hit_rate":0}}
{"timestamp":"2025-10-08 13:58:15","operation":"load_products","stats":{"execution_time":25.97,"memory_usage":0.6,"peak_memory":35.32,"query_count":0,"cache_hits":0,"cache_misses":0,"cache_hit_rate":0}}
{"timestamp":"2025-10-08 14:03:38","operation":"load_products","stats":{"execution_time":26.81,"memory_usage":0.6,"peak_memory":35.32,"query_count":0,"cache_hits":0,"cache_misses":0,"cache_hit_rate":0}}
{"timestamp":"2025-10-08 14:09:42","operation":"load_products","stats":{"execution_time":34.34,"memory_usage":0.6,"peak_memory":35.31,"query_count":0,"cache_hits":0,"cache_misses":0,"cache_hit_rate":0}}
{"timestamp":"2025-10-08 14:13:30","operation":"load_products","stats":{"execution_time":33.3,"memory_usage":0.6,"peak_memory":35.32,"query_count":0,"cache_hits":0,"cache_misses":0,"cache_hit_rate":0}}
{"timestamp":"2025-10-08 14:24:42","operation":"load_products","stats":{"execution_time":30.51,"memory_usage":0.6,"peak_memory":35.3,"query_count":0,"cache_hits":0,"cache_misses":0,"cache_hit_rate":0}}
{"timestamp":"2025-10-08 14:29:56","operation":"load_products","stats":{"execution_time":61.81,"memory_usage":0.76,"peak_memory":35.38,"query_count":0,"cache_hits":0,"cache_misses":0,"cache_hit_rate":0}}
{"timestamp":"2025-10-08 14:34:58","operation":"load_products","stats":{"execution_time":28.01,"memory_usage":0.68,"peak_memory":35.3,"query_count":0,"cache_hits":0,"cache_misses":0,"cache_hit_rate":0}}
{"timestamp":"2025-10-08 14:44:27","operation":"load_products","stats":{"execution_time":26.07,"memory_usage":0.6,"peak_memory":35.31,"query_count":0,"cache_hits":0,"cache_misses":0,"cache_hit_rate":0}}
{"timestamp":"2025-10-08 14:58:23","operation":"load_products","stats":{"execution_time":32.4,"memory_usage":0.6,"peak_memory":35.32,"query_count":0,"cache_hits":0,"cache_misses":0,"cache_hit_rate":0}}
{"timestamp":"2025-10-08 15:11:05","operation":"load_products","stats":{"execution_time":37.84,"memory_usage":0.68,"peak_memory":35.31,"query_count":0,"cache_hits":0,"cache_misses":0,"cache_hit_rate":0}}
{"timestamp":"2025-10-08 15:16:45","operation":"load_products","stats":{"execution_time":60.92,"memory_usage":0.68,"peak_memory":35.31,"query_count":0,"cache_hits":0,"cache_misses":0,"cache_hit_rate":0}}
{"timestamp":"2025-10-08 15:24:05","operation":"load_products","stats":{"execution_time":24.47,"memory_usage":0.6,"peak_memory":35.32,"query_count":0,"cache_hits":0,"cache_misses":0,"cache_hit_rate":0}}
{"timestamp":"2025-10-08 15:28:24","operation":"load_products","stats":{"execution_time":36.32,"memory_usage":0.6,"peak_memory":35.32,"query_count":0,"cache_hits":0,"cache_misses":0,"cache_hit_rate":0}}
{"timestamp":"2025-10-08 15:29:54","operation":"load_products","stats":{"execution_time":26.68,"memory_usage":0.68,"peak_memory":35.31,"query_count":0,"cache_hits":0,"cache_misses":0,"cache_hit_rate":0}}
{"timestamp":"2025-10-08 15:31:35","operation":"load_products","stats":{"execution_time":76.1,"memory_usage":0.68,"peak_memory":35.39,"query_count":0,"cache_hits":0,"cache_misses":0,"cache_hit_rate":0}}
{"timestamp":"2025-10-08 15:32:13","operation":"load_products","stats":{"execution_time":32.03,"memory_usage":0.6,"peak_memory":35.32,"query_count":0,"cache_hits":0,"cache_misses":0,"cache_hit_rate":0}}
{"timestamp":"2025-10-08 15:33:25","operation":"load_products","stats":{"execution_time":24.53,"memory_usage":0.6,"peak_memory":35.32,"query_count":0,"cache_hits":0,"cache_misses":0,"cache_hit_rate":0}}
{"timestamp":"2025-10-08 15:34:28","operation":"load_products","stats":{"execution_time":34.63,"memory_usage":0.6,"peak_memory":35.31,"query_count":0,"cache_hits":0,"cache_misses":0,"cache_hit_rate":0}}
{"timestamp":"2025-10-08 16:19:27","operation":"load_products","stats":{"execution_time":35.77,"memory_usage":0.68,"peak_memory":35.31,"query_count":0,"cache_hits":0,"cache_misses":0,"cache_hit_rate":0}}
{"timestamp":"2025-10-08 16:33:47","operation":"load_products","stats":{"execution_time":42.86,"memory_usage":0.68,"peak_memory":35.4,"query_count":0,"cache_hits":0,"cache_misses":0,"cache_hit_rate":0}}
{"timestamp":"2025-10-08 16:39:30","operation":"load_products","stats":{"execution_time":89.12,"memory_usage":0.6,"peak_memory":35.31,"query_count":0,"cache_hits":0,"cache_misses":0,"cache_hit_rate":0}}
{"timestamp":"2025-10-08 16:40:26","operation":"load_products","stats":{"execution_time":50.7,"memory_usage":0.6,"peak_memory":35.31,"query_count":0,"cache_hits":0,"cache_misses":0,"cache_hit_rate":0}}
{"timestamp":"2025-10-08 16:52:30","operation":"load_products","stats":{"execution_time":41.86,"memory_usage":0.6,"peak_memory":35.32,"query_count":0,"cache_hits":0,"cache_misses":0,"cache_hit_rate":0}}
{"timestamp":"2025-10-08 17:04:05","operation":"load_products","stats":{"execution_time":117.02,"memory_usage":1.08,"peak_memory":36.34,"query_count":0,"cache_hits":0,"cache_misses":0,"cache_hit_rate":0}}
{"timestamp":"2025-10-08 17:04:38","operation":"load_products","stats":{"execution_time":41.87,"memory_usage":1.08,"peak_memory":36.13,"query_count":0,"cache_hits":0,"cache_misses":0,"cache_hit_rate":0}}
{"timestamp":"2025-10-08 17:04:56","operation":"load_products","stats":{"execution_time":28,"memory_usage":0.68,"peak_memory":35.31,"query_count":0,"cache_hits":0,"cache_misses":0,"cache_hit_rate":0}}
{"timestamp":"2025-10-08 19:13:22","operation":"load_products","stats":{"execution_time":53.46,"memory_usage":0.68,"peak_memory":35.4,"query_count":0,"cache_hits":0,"cache_misses":0,"cache_hit_rate":0}}
{"timestamp":"2025-10-08 19:15:33","operation":"load_products","stats":{"execution_time":31.6,"memory_usage":1.08,"peak_memory":36.34,"query_count":0,"cache_hits":0,"cache_misses":0,"cache_hit_rate":0}}
{"timestamp":"2025-10-08 20:09:21","operation":"load_products","stats":{"execution_time":40.46,"memory_usage":1.08,"peak_memory":36.34,"query_count":0,"cache_hits":0,"cache_misses":0,"cache_hit_rate":0}}
{"timestamp":"2025-10-08 20:10:45","operation":"load_products","stats":{"execution_time":31.3,"memory_usage":1.06,"peak_memory":36.11,"query_count":0,"cache_hits":0,"cache_misses":0,"cache_hit_rate":0}}
{"timestamp":"2025-10-08 20:11:43","operation":"load_products","stats":{"execution_time":32.13,"memory_usage":0.66,"peak_memory":35.29,"query_count":0,"cache_hits":0,"cache_misses":0,"cache_hit_rate":0}}
{"timestamp":"2025-10-08 20:31:44","operation":"load_products","stats":{"execution_time":51.61,"memory_usage":1.08,"peak_memory":36.43,"query_count":0,"cache_hits":0,"cache_misses":0,"cache_hit_rate":0}}
{"timestamp":"2025-10-08 20:34:25","operation":"load_products","stats":{"execution_time":26.36,"memory_usage":0.6,"peak_memory":35.31,"query_count":0,"cache_hits":0,"cache_misses":0,"cache_hit_rate":0}}
{"timestamp":"2025-10-08 20:36:43","operation":"load_products","stats":{"execution_time":28.14,"memory_usage":0.6,"peak_memory":35.31,"query_count":0,"cache_hits":0,"cache_misses":0,"cache_hit_rate":0}}
{"timestamp":"2025-10-08 20:36:53","operation":"load_products","stats":{"execution_time":27.96,"memory_usage":0.6,"peak_memory":35.31,"query_count":0,"cache_hits":0,"cache_misses":0,"cache_hit_rate":0}}
{"timestamp":"2025-10-08 20:37:03","operation":"load_products","stats":{"execution_time":36.17,"memory_usage":0.6,"peak_memory":35.31,"query_count":0,"cache_hits":0,"cache_misses":0,"cache_hit_rate":0}}
{"timestamp":"2025-10-08 21:54:57","operation":"load_products","stats":{"execution_time":137.76,"memory_usage":1.16,"peak_memory":36.42,"query_count":0,"cache_hits":0,"cache_misses":0,"cache_hit_rate":0}}
{"timestamp":"2025-10-08 21:55:43","operation":"load_products","stats":{"execution_time":34.46,"memory_usage":0.68,"peak_memory":35.31,"query_count":0,"cache_hits":0,"cache_misses":0,"cache_hit_rate":0}}
{"timestamp":"2025-10-08 21:56:36","operation":"load_products","stats":{"execution_time":24.38,"memory_usage":0.68,"peak_memory":35.31,"query_count":0,"cache_hits":0,"cache_misses":0,"cache_hit_rate":0}}
{"timestamp":"2025-10-08 21:59:58","operation":"load_products","stats":{"execution_time":35.14,"memory_usage":1,"peak_memory":36.34,"query_count":0,"cache_hits":0,"cache_misses":0,"cache_hit_rate":0}}
{"timestamp":"2025-10-08 22:00:07","operation":"search_customers","stats":{"execution_time":30.01,"memory_usage":0.1,"peak_memory":34.82,"query_count":0,"cache_hits":0,"cache_misses":0,"cache_hit_rate":0}}
{"timestamp":"2025-10-08 22:00:09","operation":"search_customers","stats":{"execution_time":38.35,"memory_usage":0.1,"peak_memory":34.82,"query_count":0,"cache_hits":0,"cache_misses":0,"cache_hit_rate":0}}
{"timestamp":"2025-10-08 22:00:47","operation":"load_products","stats":{"execution_time":36.23,"memory_usage":1.08,"peak_memory":36.13,"query_count":0,"cache_hits":0,"cache_misses":0,"cache_hit_rate":0}}
{"timestamp":"2025-10-08 22:13:23","operation":"load_products","stats":{"execution_time":46.98,"memory_usage":0.6,"peak_memory":35.31,"query_count":0,"cache_hits":0,"cache_misses":0,"cache_hit_rate":0}}
{"timestamp":"2025-10-08 22:13:34","operation":"search_customers","stats":{"execution_time":36.72,"memory_usage":0.1,"peak_memory":34.82,"query_count":0,"cache_hits":0,"cache_misses":0,"cache_hit_rate":0}}
{"timestamp":"2025-10-08 22:13:47","operation":"load_products","stats":{"execution_time":44,"memory_usage":1,"peak_memory":36.13,"query_count":0,"cache_hits":0,"cache_misses":0,"cache_hit_rate":0}}
{"timestamp":"2025-10-08 22:15:35","operation":"load_products","stats":{"execution_time":35.77,"memory_usage":0.99,"peak_memory":36.12,"query_count":0,"cache_hits":0,"cache_misses":0,"cache_hit_rate":0}}
