{"timestamp":"2025-10-28 00:00:06","operation":"load_products","stats":{"execution_time":3505.18,"memory_usage":43.22,"peak_memory":77.95,"query_count":0,"cache_hits":0,"cache_misses":0,"cache_hit_rate":0}}
{"timestamp":"2025-10-28 00:00:10","operation":"load_products","stats":{"execution_time":2331.79,"memory_usage":43.23,"peak_memory":77.93,"query_count":0,"cache_hits":0,"cache_misses":0,"cache_hit_rate":0}}
{"timestamp":"2025-10-28 00:03:13","operation":"load_products","stats":{"execution_time":6016.3,"memory_usage":43.25,"peak_memory":77.95,"query_count":0,"cache_hits":0,"cache_misses":0,"cache_hit_rate":0}}
{"timestamp":"2025-10-28 00:03:17","operation":"load_products","stats":{"execution_time":2836,"memory_usage":43.21,"peak_memory":77.92,"query_count":0,"cache_hits":0,"cache_misses":0,"cache_hit_rate":0}}
{"timestamp":"2025-10-28 00:03:43","operation":"load_products","stats":{"execution_time":2813.68,"memory_usage":43.23,"peak_memory":77.93,"query_count":0,"cache_hits":0,"cache_misses":0,"cache_hit_rate":0}}
{"timestamp":"2025-10-28 00:03:48","operation":"load_products","stats":{"execution_time":3714.56,"memory_usage":43.27,"peak_memory":77.97,"query_count":0,"cache_hits":0,"cache_misses":0,"cache_hit_rate":0}}
{"timestamp":"2025-10-28 00:06:47","operation":"load_products","stats":{"execution_time":3873.1,"memory_usage":43.23,"peak_memory":77.93,"query_count":0,"cache_hits":0,"cache_misses":0,"cache_hit_rate":0}}
{"timestamp":"2025-10-28 00:06:51","operation":"load_products","stats":{"execution_time":2858.62,"memory_usage":43.21,"peak_memory":77.91,"query_count":0,"cache_hits":0,"cache_misses":0,"cache_hit_rate":0}}
{"timestamp":"2025-10-28 00:07:41","operation":"load_products","stats":{"execution_time":2220.27,"memory_usage":43.19,"peak_memory":77.89,"query_count":0,"cache_hits":0,"cache_misses":0,"cache_hit_rate":0}}
{"timestamp":"2025-10-28 00:07:45","operation":"load_products","stats":{"execution_time":3258.43,"memory_usage":43.15,"peak_memory":77.85,"query_count":0,"cache_hits":0,"cache_misses":0,"cache_hit_rate":0}}
{"timestamp":"2025-10-28 00:08:05","operation":"load_products","stats":{"execution_time":8099.88,"memory_usage":43.16,"peak_memory":77.87,"query_count":0,"cache_hits":0,"cache_misses":0,"cache_hit_rate":0}}
{"timestamp":"2025-10-28 00:10:44","operation":"load_products","stats":{"execution_time":2774.1,"memory_usage":43.25,"peak_memory":77.95,"query_count":0,"cache_hits":0,"cache_misses":0,"cache_hit_rate":0}}
{"timestamp":"2025-10-28 00:10:46","operation":"load_products","stats":{"execution_time":2290.17,"memory_usage":42.77,"peak_memory":77.39,"query_count":0,"cache_hits":0,"cache_misses":0,"cache_hit_rate":0}}
{"timestamp":"2025-10-28 00:10:49","operation":"load_products","stats":{"execution_time":1368,"memory_usage":43.05,"peak_memory":77.75,"query_count":0,"cache_hits":0,"cache_misses":0,"cache_hit_rate":0}}
{"timestamp":"2025-10-28 00:11:11","operation":"load_products","stats":{"execution_time":3916.38,"memory_usage":43.65,"peak_memory":78.76,"query_count":0,"cache_hits":0,"cache_misses":0,"cache_hit_rate":0}}
{"timestamp":"2025-10-28 00:11:19","operation":"load_products","stats":{"execution_time":2356.82,"memory_usage":43.19,"peak_memory":77.9,"query_count":0,"cache_hits":0,"cache_misses":0,"cache_hit_rate":0}}
{"timestamp":"2025-10-28 00:12:21","operation":"load_products","stats":{"execution_time":2935.2,"memory_usage":43.63,"peak_memory":78.97,"query_count":0,"cache_hits":0,"cache_misses":0,"cache_hit_rate":0}}
{"timestamp":"2025-10-28 00:12:25","operation":"load_products","stats":{"execution_time":2839.83,"memory_usage":43.09,"peak_memory":77.8,"query_count":0,"cache_hits":0,"cache_misses":0,"cache_hit_rate":0}}
{"timestamp":"2025-10-28 00:12:29","operation":"load_products","stats":{"execution_time":2973.52,"memory_usage":43.17,"peak_memory":77.87,"query_count":0,"cache_hits":0,"cache_misses":0,"cache_hit_rate":0}}
{"timestamp":"2025-10-28 00:12:53","operation":"load_products","stats":{"execution_time":4910.08,"memory_usage":43.61,"peak_memory":78.75,"query_count":0,"cache_hits":0,"cache_misses":0,"cache_hit_rate":0}}
{"timestamp":"2025-10-28 00:13:07","operation":"load_products","stats":{"execution_time":3318.56,"memory_usage":43.13,"peak_memory":77.83,"query_count":0,"cache_hits":0,"cache_misses":0,"cache_hit_rate":0}}
{"timestamp":"2025-10-28 00:14:59","operation":"load_products","stats":{"execution_time":4981.26,"memory_usage":43.66,"peak_memory":78.77,"query_count":0,"cache_hits":0,"cache_misses":0,"cache_hit_rate":0}}
{"timestamp":"2025-10-28 00:15:08","operation":"load_products","stats":{"execution_time":6936.67,"memory_usage":43.23,"peak_memory":77.93,"query_count":0,"cache_hits":0,"cache_misses":0,"cache_hit_rate":0}}
{"timestamp":"2025-10-28 00:15:13","operation":"load_products","stats":{"execution_time":3455.81,"memory_usage":43.28,"peak_memory":77.98,"query_count":0,"cache_hits":0,"cache_misses":0,"cache_hit_rate":0}}
{"timestamp":"2025-10-28 00:15:19","operation":"load_products","stats":{"execution_time":3963.99,"memory_usage":43.08,"peak_memory":77.78,"query_count":0,"cache_hits":0,"cache_misses":0,"cache_hit_rate":0}}
{"timestamp":"2025-10-28 00:15:37","operation":"load_products","stats":{"execution_time":1197.99,"memory_usage":43.66,"peak_memory":78.69,"query_count":0,"cache_hits":0,"cache_misses":0,"cache_hit_rate":0}}
{"timestamp":"2025-10-28 00:15:52","operation":"load_products","stats":{"execution_time":1713.87,"memory_usage":43.06,"peak_memory":77.76,"query_count":0,"cache_hits":0,"cache_misses":0,"cache_hit_rate":0}}
{"timestamp":"2025-10-28 00:17:48","operation":"load_products","stats":{"execution_time":4662.64,"memory_usage":43.67,"peak_memory":78.78,"query_count":0,"cache_hits":0,"cache_misses":0,"cache_hit_rate":0}}
{"timestamp":"2025-10-28 00:17:57","operation":"load_products","stats":{"execution_time":2312.41,"memory_usage":43.23,"peak_memory":77.93,"query_count":0,"cache_hits":0,"cache_misses":0,"cache_hit_rate":0}}
{"timestamp":"2025-10-28 00:18:17","operation":"load_products","stats":{"execution_time":4009.5,"memory_usage":43.23,"peak_memory":77.94,"query_count":0,"cache_hits":0,"cache_misses":0,"cache_hit_rate":0}}
{"timestamp":"2025-10-28 00:18:22","operation":"load_products","stats":{"execution_time":4509.87,"memory_usage":43.15,"peak_memory":77.85,"query_count":0,"cache_hits":0,"cache_misses":0,"cache_hit_rate":0}}
{"timestamp":"2025-10-28 00:21:20","operation":"load_products","stats":{"execution_time":4104.24,"memory_usage":43.25,"peak_memory":77.96,"query_count":0,"cache_hits":0,"cache_misses":0,"cache_hit_rate":0}}
{"timestamp":"2025-10-28 00:21:22","operation":"load_products","stats":{"execution_time":1602.22,"memory_usage":43.24,"peak_memory":77.94,"query_count":0,"cache_hits":0,"cache_misses":0,"cache_hit_rate":0}}
{"timestamp":"2025-10-28 00:24:21","operation":"load_products","stats":{"execution_time":2041.1,"memory_usage":43.04,"peak_memory":77.67,"query_count":0,"cache_hits":0,"cache_misses":0,"cache_hit_rate":0}}
{"timestamp":"2025-10-28 00:24:27","operation":"load_products","stats":{"execution_time":5549.99,"memory_usage":43.24,"peak_memory":77.94,"query_count":0,"cache_hits":0,"cache_misses":0,"cache_hit_rate":0}}
{"timestamp":"2025-10-28 00:27:28","operation":"load_products","stats":{"execution_time":6646.21,"memory_usage":43.24,"peak_memory":77.94,"query_count":0,"cache_hits":0,"cache_misses":0,"cache_hit_rate":0}}
{"timestamp":"2025-10-28 00:27:33","operation":"load_products","stats":{"execution_time":3609.02,"memory_usage":43.25,"peak_memory":77.96,"query_count":0,"cache_hits":0,"cache_misses":0,"cache_hit_rate":0}}
{"timestamp":"2025-10-28 00:30:27","operation":"load_products","stats":{"execution_time":2841.43,"memory_usage":43.05,"peak_memory":77.75,"query_count":0,"cache_hits":0,"cache_misses":0,"cache_hit_rate":0}}
{"timestamp":"2025-10-28 00:30:30","operation":"load_products","stats":{"execution_time":2217.35,"memory_usage":43.25,"peak_memory":77.95,"query_count":0,"cache_hits":0,"cache_misses":0,"cache_hit_rate":0}}
{"timestamp":"2025-10-28 00:33:32","operation":"load_products","stats":{"execution_time":4293,"memory_usage":43.12,"peak_memory":77.83,"query_count":0,"cache_hits":0,"cache_misses":0,"cache_hit_rate":0}}
{"timestamp":"2025-10-28 00:33:35","operation":"load_products","stats":{"execution_time":1731.28,"memory_usage":43.28,"peak_memory":77.98,"query_count":0,"cache_hits":0,"cache_misses":0,"cache_hit_rate":0}}
{"timestamp":"2025-10-28 00:36:34","operation":"load_products","stats":{"execution_time":2125.44,"memory_usage":43.15,"peak_memory":77.85,"query_count":0,"cache_hits":0,"cache_misses":0,"cache_hit_rate":0}}
{"timestamp":"2025-10-28 00:36:36","operation":"load_products","stats":{"execution_time":1036.54,"memory_usage":43,"peak_memory":77.71,"query_count":0,"cache_hits":0,"cache_misses":0,"cache_hit_rate":0}}
{"timestamp":"2025-10-28 00:39:35","operation":"load_products","stats":{"execution_time":995.52,"memory_usage":43.28,"peak_memory":77.98,"query_count":0,"cache_hits":0,"cache_misses":0,"cache_hit_rate":0}}
{"timestamp":"2025-10-28 00:39:39","operation":"load_products","stats":{"execution_time":2162.96,"memory_usage":42.77,"peak_memory":77.47,"query_count":0,"cache_hits":0,"cache_misses":0,"cache_hit_rate":0}}
{"timestamp":"2025-10-28 00:42:39","operation":"load_products","stats":{"execution_time":2072.15,"memory_usage":43.24,"peak_memory":77.94,"query_count":0,"cache_hits":0,"cache_misses":0,"cache_hit_rate":0}}
{"timestamp":"2025-10-28 00:42:42","operation":"load_products","stats":{"execution_time":1490.16,"memory_usage":42.97,"peak_memory":77.67,"query_count":0,"cache_hits":0,"cache_misses":0,"cache_hit_rate":0}}
{"timestamp":"2025-10-28 00:45:43","operation":"load_products","stats":{"execution_time":2215.56,"memory_usage":43.24,"peak_memory":77.94,"query_count":0,"cache_hits":0,"cache_misses":0,"cache_hit_rate":0}}
{"timestamp":"2025-10-28 00:45:48","operation":"load_products","stats":{"execution_time":4333.52,"memory_usage":43.25,"peak_memory":77.95,"query_count":0,"cache_hits":0,"cache_misses":0,"cache_hit_rate":0}}
{"timestamp":"2025-10-28 00:48:46","operation":"load_products","stats":{"execution_time":1798.16,"memory_usage":43.23,"peak_memory":77.93,"query_count":0,"cache_hits":0,"cache_misses":0,"cache_hit_rate":0}}
{"timestamp":"2025-10-28 00:48:48","operation":"load_products","stats":{"execution_time":1583.05,"memory_usage":43.25,"peak_memory":77.96,"query_count":0,"cache_hits":0,"cache_misses":0,"cache_hit_rate":0}}
{"timestamp":"2025-10-28 00:51:51","operation":"load_products","stats":{"execution_time":2867.9,"memory_usage":43.13,"peak_memory":77.75,"query_count":0,"cache_hits":0,"cache_misses":0,"cache_hit_rate":0}}
{"timestamp":"2025-10-28 00:51:56","operation":"load_products","stats":{"execution_time":3533.82,"memory_usage":43.2,"peak_memory":77.91,"query_count":0,"cache_hits":0,"cache_misses":0,"cache_hit_rate":0}}
{"timestamp":"2025-10-28 00:54:53","operation":"load_products","stats":{"execution_time":1872.87,"memory_usage":43.22,"peak_memory":77.92,"query_count":0,"cache_hits":0,"cache_misses":0,"cache_hit_rate":0}}
{"timestamp":"2025-10-28 00:54:58","operation":"load_products","stats":{"execution_time":2966.97,"memory_usage":42.96,"peak_memory":77.66,"query_count":0,"cache_hits":0,"cache_misses":0,"cache_hit_rate":0}}
{"timestamp":"2025-10-28 00:57:57","operation":"load_products","stats":{"execution_time":1895.22,"memory_usage":43.66,"peak_memory":78.99,"query_count":0,"cache_hits":0,"cache_misses":0,"cache_hit_rate":0}}
{"timestamp":"2025-10-28 00:58:05","operation":"load_products","stats":{"execution_time":6300.72,"memory_usage":43.42,"peak_memory":78.53,"query_count":0,"cache_hits":0,"cache_misses":0,"cache_hit_rate":0}}
{"timestamp":"2025-10-28 01:00:59","operation":"load_products","stats":{"execution_time":1368.6,"memory_usage":43.65,"peak_memory":79,"query_count":0,"cache_hits":0,"cache_misses":0,"cache_hit_rate":0}}
{"timestamp":"2025-10-28 01:01:02","operation":"load_products","stats":{"execution_time":1615.44,"memory_usage":42.99,"peak_memory":77.69,"query_count":0,"cache_hits":0,"cache_misses":0,"cache_hit_rate":0}}
{"timestamp":"2025-10-28 01:04:03","operation":"load_products","stats":{"execution_time":1933.01,"memory_usage":43.26,"peak_memory":77.97,"query_count":0,"cache_hits":0,"cache_misses":0,"cache_hit_rate":0}}
{"timestamp":"2025-10-28 01:04:05","operation":"load_products","stats":{"execution_time":1071.61,"memory_usage":43.2,"peak_memory":77.9,"query_count":0,"cache_hits":0,"cache_misses":0,"cache_hit_rate":0}}
{"timestamp":"2025-10-28 01:07:05","operation":"load_products","stats":{"execution_time":1109.34,"memory_usage":43.21,"peak_memory":77.83,"query_count":0,"cache_hits":0,"cache_misses":0,"cache_hit_rate":0}}
{"timestamp":"2025-10-28 01:07:07","operation":"load_products","stats":{"execution_time":1373.61,"memory_usage":43.08,"peak_memory":77.78,"query_count":0,"cache_hits":0,"cache_misses":0,"cache_hit_rate":0}}
{"timestamp":"2025-10-28 01:10:09","operation":"load_products","stats":{"execution_time":1095.52,"memory_usage":42.85,"peak_memory":77.55,"query_count":0,"cache_hits":0,"cache_misses":0,"cache_hit_rate":0}}
{"timestamp":"2025-10-28 01:10:11","operation":"load_products","stats":{"execution_time":858.46,"memory_usage":42.83,"peak_memory":77.55,"query_count":0,"cache_hits":0,"cache_misses":0,"cache_hit_rate":0}}
{"timestamp":"2025-10-28 01:13:13","operation":"load_products","stats":{"execution_time":1141.62,"memory_usage":42.85,"peak_memory":77.56,"query_count":0,"cache_hits":0,"cache_misses":0,"cache_hit_rate":0}}
{"timestamp":"2025-10-28 01:13:15","operation":"load_products","stats":{"execution_time":1194.23,"memory_usage":42.84,"peak_memory":77.55,"query_count":0,"cache_hits":0,"cache_misses":0,"cache_hit_rate":0}}
{"timestamp":"2025-10-28 01:16:15","operation":"load_products","stats":{"execution_time":1037.24,"memory_usage":43.24,"peak_memory":77.96,"query_count":0,"cache_hits":0,"cache_misses":0,"cache_hit_rate":0}}
{"timestamp":"2025-10-28 01:16:18","operation":"load_products","stats":{"execution_time":1139.68,"memory_usage":42.77,"peak_memory":77.47,"query_count":0,"cache_hits":0,"cache_misses":0,"cache_hit_rate":0}}
{"timestamp":"2025-10-28 01:19:18","operation":"load_products","stats":{"execution_time":1095.27,"memory_usage":43.18,"peak_memory":77.91,"query_count":0,"cache_hits":0,"cache_misses":0,"cache_hit_rate":0}}
{"timestamp":"2025-10-28 01:19:20","operation":"load_products","stats":{"execution_time":909.17,"memory_usage":42.77,"peak_memory":77.47,"query_count":0,"cache_hits":0,"cache_misses":0,"cache_hit_rate":0}}
{"timestamp":"2025-10-28 01:22:22","operation":"load_products","stats":{"execution_time":1097.62,"memory_usage":42.93,"peak_memory":77.63,"query_count":0,"cache_hits":0,"cache_misses":0,"cache_hit_rate":0}}
{"timestamp":"2025-10-28 01:22:24","operation":"load_products","stats":{"execution_time":860.18,"memory_usage":42.81,"peak_memory":77.52,"query_count":0,"cache_hits":0,"cache_misses":0,"cache_hit_rate":0}}
{"timestamp":"2025-10-28 01:22:46","operation":"load_products","stats":{"execution_time":870.1,"memory_usage":42.86,"peak_memory":77.57,"query_count":0,"cache_hits":0,"cache_misses":0,"cache_hit_rate":0}}
{"timestamp":"2025-10-28 01:23:10","operation":"load_products","stats":{"execution_time":1306.22,"memory_usage":43.6,"peak_memory":78.74,"query_count":0,"cache_hits":0,"cache_misses":0,"cache_hit_rate":0}}
{"timestamp":"2025-10-28 01:24:06","operation":"load_products","stats":{"execution_time":1068.36,"memory_usage":42.97,"peak_memory":77.68,"query_count":0,"cache_hits":0,"cache_misses":0,"cache_hit_rate":0}}
{"timestamp":"2025-10-28 01:25:03","operation":"load_products","stats":{"execution_time":1658.67,"memory_usage":43.21,"peak_memory":78.24,"query_count":0,"cache_hits":0,"cache_misses":0,"cache_hit_rate":0}}
{"timestamp":"2025-10-28 01:25:26","operation":"load_products","stats":{"execution_time":917.18,"memory_usage":43.22,"peak_memory":77.84,"query_count":0,"cache_hits":0,"cache_misses":0,"cache_hit_rate":0}}
{"timestamp":"2025-10-28 01:25:28","operation":"load_products","stats":{"execution_time":1183.16,"memory_usage":43.27,"peak_memory":77.97,"query_count":0,"cache_hits":0,"cache_misses":0,"cache_hit_rate":0}}
{"timestamp":"2025-10-28 01:26:03","operation":"load_products","stats":{"execution_time":1468.68,"memory_usage":43.22,"peak_memory":77.92,"query_count":0,"cache_hits":0,"cache_misses":0,"cache_hit_rate":0}}
{"timestamp":"2025-10-28 01:28:28","operation":"load_products","stats":{"execution_time":840.8,"memory_usage":43.63,"peak_memory":78.96,"query_count":0,"cache_hits":0,"cache_misses":0,"cache_hit_rate":0}}
{"timestamp":"2025-10-28 01:28:31","operation":"load_products","stats":{"execution_time":1148.2,"memory_usage":42.87,"peak_memory":77.57,"query_count":0,"cache_hits":0,"cache_misses":0,"cache_hit_rate":0}}
{"timestamp":"2025-10-28 01:30:23","operation":"load_products","stats":{"execution_time":898.81,"memory_usage":42.82,"peak_memory":77.52,"query_count":0,"cache_hits":0,"cache_misses":0,"cache_hit_rate":0}}
{"timestamp":"2025-10-28 01:31:31","operation":"load_products","stats":{"execution_time":963.28,"memory_usage":43.14,"peak_memory":77.84,"query_count":0,"cache_hits":0,"cache_misses":0,"cache_hit_rate":0}}
{"timestamp":"2025-10-28 01:32:12","operation":"load_products","stats":{"execution_time":1114.11,"memory_usage":42.64,"peak_memory":77.34,"query_count":0,"cache_hits":0,"cache_misses":0,"cache_hit_rate":0}}
{"timestamp":"2025-10-28 01:33:00","operation":"load_products","stats":{"execution_time":866.77,"memory_usage":43.49,"peak_memory":78.6,"query_count":0,"cache_hits":0,"cache_misses":0,"cache_hit_rate":0}}
{"timestamp":"2025-10-28 01:33:27","operation":"load_products","stats":{"execution_time":965.45,"memory_usage":43.11,"peak_memory":77.81,"query_count":0,"cache_hits":0,"cache_misses":0,"cache_hit_rate":0}}
{"timestamp":"2025-10-28 01:33:34","operation":"load_products","stats":{"execution_time":951.49,"memory_usage":42.96,"peak_memory":77.66,"query_count":0,"cache_hits":0,"cache_misses":0,"cache_hit_rate":0}}
{"timestamp":"2025-10-28 01:33:36","operation":"load_products","stats":{"execution_time":807.47,"memory_usage":43.02,"peak_memory":77.73,"query_count":0,"cache_hits":0,"cache_misses":0,"cache_hit_rate":0}}
{"timestamp":"2025-10-28 01:34:02","operation":"load_products","stats":{"execution_time":1101.15,"memory_usage":43.17,"peak_memory":77.87,"query_count":0,"cache_hits":0,"cache_misses":0,"cache_hit_rate":0}}
{"timestamp":"2025-10-28 01:34:07","operation":"search_customers","stats":{"execution_time":31.05,"memory_usage":0.1,"peak_memory":34.82,"query_count":0,"cache_hits":0,"cache_misses":0,"cache_hit_rate":0}}
{"timestamp":"2025-10-28 01:34:24","operation":"load_products","stats":{"execution_time":769.71,"memory_usage":43.27,"peak_memory":77.97,"query_count":0,"cache_hits":0,"cache_misses":0,"cache_hit_rate":0}}
{"timestamp":"2025-10-28 01:36:44","operation":"load_products","stats":{"execution_time":878.36,"memory_usage":42.91,"peak_memory":77.53,"query_count":0,"cache_hits":0,"cache_misses":0,"cache_hit_rate":0}}
{"timestamp":"2025-10-28 04:26:33","operation":"load_products","stats":{"execution_time":3401.27,"memory_usage":43.78,"peak_memory":78.48,"query_count":0,"cache_hits":0,"cache_misses":0,"cache_hit_rate":0}}
{"timestamp":"2025-10-28 07:22:33","operation":"load_products","stats":{"execution_time":3014.98,"memory_usage":43.78,"peak_memory":78.49,"query_count":0,"cache_hits":0,"cache_misses":0,"cache_hit_rate":0}}
{"timestamp":"2025-10-28 10:18:33","operation":"load_products","stats":{"execution_time":2778.86,"memory_usage":43.78,"peak_memory":78.49,"query_count":0,"cache_hits":0,"cache_misses":0,"cache_hit_rate":0}}
{"timestamp":"2025-10-28 19:42:34","operation":"load_products","stats":{"execution_time":4197.54,"memory_usage":43.78,"peak_memory":78.43,"query_count":0,"cache_hits":0,"cache_misses":0,"cache_hit_rate":0}}
{"timestamp":"2025-10-28 19:42:40","operation":"load_products","stats":{"execution_time":4703.66,"memory_usage":43.27,"peak_memory":77.91,"query_count":0,"cache_hits":0,"cache_misses":0,"cache_hit_rate":0}}
{"timestamp":"2025-10-28 20:22:49","operation":"load_products","stats":{"execution_time":2835.77,"memory_usage":43.24,"peak_memory":77.88,"query_count":0,"cache_hits":0,"cache_misses":0,"cache_hit_rate":0}}
{"timestamp":"2025-10-28 20:22:53","operation":"load_products","stats":{"execution_time":3414.68,"memory_usage":43.11,"peak_memory":77.75,"query_count":0,"cache_hits":0,"cache_misses":0,"cache_hit_rate":0}}
{"timestamp":"2025-10-28 22:07:01","operation":"load_products","stats":{"execution_time":1606.24,"memory_usage":43.86,"peak_memory":78.42,"query_count":0,"cache_hits":0,"cache_misses":0,"cache_hit_rate":0}}
{"timestamp":"2025-10-28 22:07:05","operation":"load_products","stats":{"execution_time":1766.9,"memory_usage":43.25,"peak_memory":77.81,"query_count":0,"cache_hits":0,"cache_misses":0,"cache_hit_rate":0}}
